<?xml version="1.0" encoding="UTF-8"?>
<!-- Generated by org.testng.reporters.JUnitXMLReporter -->
<testsuite hostname="A2ML32732" name="Test" tests="2" failures="1" timestamp="11 Aug 2019 15:40:05 GMT" time="0.047" errors="0">
  <testcase name="searchAccountsAndCheckoutTest" time="0.036" classname="Test.CheckoutAccountTests">
    <failure type="java.lang.NullPointerException">
      <![CDATA[java.lang.NullPointerException
	at Utilities.Reporting.logsGeneration(Reporting.java:67)
	at Test.CheckoutAccountTests.searchAccountsAndCheckoutTest(CheckoutAccountTests.java:49)
... Removed 24 stack frames]]>
    </failure>
  </testcase> <!-- searchAccountsAndCheckoutTest -->
  <testcase name="test2" time="0.0" classname="Test.CheckoutAccountTests"/>
</testsuite> <!-- Test -->
